<?xml version="1.0" encoding="UTF-8"?>
<!-- Generated by org.testng.reporters.JUnitReportReporter -->
<testsuite hostname="Lenovo-PC" name="stevejobs.NewTestng1" tests="3" failures="0" timestamp="22 Sep 2018 16:36:47 GMT" time="51.587" errors="0">
  <testcase name="search" time="17.115" classname="stevejobs.NewTestng1"/>
  <testcase name="search" time="15.802" classname="stevejobs.NewTestng1"/>
  <testcase name="search" time="18.670" classname="stevejobs.NewTestng1"/>
</testsuite> <!-- stevejobs.NewTestng1 -->
