<?xml version="1.0" encoding="UTF-8"?>
<!-- Generated by org.testng.reporters.JUnitReportReporter -->
<testsuite skipped="0" hostname="Lenovo-PC" name="testngprograms.Test138ng" tests="3" failures="0" timestamp="28 Sep 2018 16:01:58 GMT" time="29.603" errors="0">
  <testcase name="launch" time="6.729" classname="testngprograms.Test138ng"/>
  <testcase name="search" time="22.434" classname="testngprograms.Test138ng"/>
  <testcase name="close" time="0.440" classname="testngprograms.Test138ng"/>
</testsuite> <!-- testngprograms.Test138ng -->
