<?xml version="1.0" encoding="UTF-8"?>
<!-- Generated by org.testng.reporters.JUnitReportReporter -->
<testsuite hostname="Lenovo-PC" name="testngprograms.Testng2" tests="3" failures="0" timestamp="24 Sep 2018 11:56:48 GMT" time="64.909" errors="0">
  <testcase name="search" time="20.938" classname="testngprograms.Testng2"/>
  <testcase name="search" time="22.193" classname="testngprograms.Testng2"/>
  <testcase name="search" time="21.778" classname="testngprograms.Testng2"/>
</testsuite> <!-- testngprograms.Testng2 -->
