<?xml version="1.0" encoding="UTF-8"?>
<!-- Generated by org.testng.reporters.JUnitReportReporter -->
<testsuite skipped="0" hostname="Lenovo-PC" name="testngprograms.GmailListener" tests="1" failures="0" timestamp="25 Sep 2018 12:15:39 GMT" time="34.849" errors="0">
  <testcase name="search" time="34.849" classname="testngprograms.GmailListener"/>
</testsuite> <!-- testngprograms.GmailListener -->
