<?xml version="1.0" encoding="UTF-8"?>
<!-- Generated by org.testng.reporters.JUnitReportReporter -->
<testsuite skipped="0" hostname="Lenovo-PC" name="testngprograms.Listener" tests="3" failures="0" timestamp="25 Sep 2018 11:59:16 GMT" time="10.596" errors="0">
  <testcase name="launch" time="7.337" classname="testngprograms.Listener"/>
  <testcase name="search" time="3.000" classname="testngprograms.Listener"/>
  <testcase name="close" time="0.259" classname="testngprograms.Listener"/>
</testsuite> <!-- testngprograms.Listener -->
