<?xml version="1.0" encoding="UTF-8"?>
<!-- Generated by org.testng.reporters.JUnitReportReporter -->
<testsuite skipped="0" hostname="Lenovo-PC" name="testngprograms.NewGoogle" tests="3" failures="0" timestamp="25 Sep 2018 17:33:18 GMT" time="14.533" errors="0">
  <testcase name="launch" time="11.721" classname="testngprograms.NewGoogle"/>
  <testcase name="search" time="2.637" classname="testngprograms.NewGoogle"/>
  <testcase name="close" time="0.175" classname="testngprograms.NewGoogle"/>
</testsuite> <!-- testngprograms.NewGoogle -->
